638839284
196993159
646136490
645410886
640829194
645829884
646030808
646084901
645384444
646081328
645372061
645491386
638981437
640755417
646379332
501977703
646336386
645632775
645356006
646093457
643456781
638769025
645674916
646180643
643200494
640735911
644026696
640052334
645387053
645318456
643841853
640606491
645306014
642088635
645355989
643030230
638255703
642802546
640591890
639789389
642866388
641201763
645697986
643984647
639637954
121562576
640050083
287661650
643740720
643369092
643376917
85424165
645815230
645639956
645035852
645250945
645284934
646063900
646037848
643065047
643854155
646164298
642842194
645153785
645237641
644041256
644226890
644095643
642179228
642881709
644637224
646205249
646029334
645881000
643772191
646180759
645983034
643700356
645937891
644166650
643690584
643062826
646281468
646266282
643443078
645744628
645605214
643092707
644793029
644016837
641593304
645621454
643532784
641189379
645505345
645647371
643611776
640827535
646313795
646275385
